<?xml version="1.0" encoding="UTF-8"?>
<testsuite name="Capstone.Crewpass.CrewpassApplicationTests" tests="1" skipped="0" failures="0" errors="0" timestamp="2023-05-03T14:10:41" hostname="KGW" time="0.147">
  <properties/>
  <testcase name="contextLoads()" classname="Capstone.Crewpass.CrewpassApplicationTests" time="0.147"/>
  <system-out><![CDATA[23:10:36.888 [Test worker] DEBUG org.springframework.boot.test.context.SpringBootTestContextBootstrapper -- Neither @ContextConfiguration nor @ContextHierarchy found for test class [CrewpassApplicationTests]: using SpringBootContextLoader
23:10:36.888 [Test worker] DEBUG org.springframework.test.context.support.AbstractContextLoader -- Could not detect default resource locations for test class [Capstone.Crewpass.CrewpassApplicationTests]: no resource found for suffixes {-context.xml, Context.groovy}.
23:10:36.888 [Test worker] INFO org.springframework.test.context.support.AnnotationConfigContextLoaderUtils -- Could not detect default configuration classes for test class [Capstone.Crewpass.CrewpassApplicationTests]: CrewpassApplicationTests does not declare any static, non-private, non-final, nested classes annotated with @Configuration.
23:10:36.920 [Test worker] DEBUG org.springframework.boot.test.context.SpringBootTestContextBootstrapper -- Using ContextCustomizers for test class [CrewpassApplicationTests]: [DisableObservabilityContextCustomizer, PropertyMappingContextCustomizer, Customizer, ExcludeFilterContextCustomizer, DuplicateJsonObjectContextCustomizer, MockitoContextCustomizer, TestRestTemplateContextCustomizer]
23:10:36.998 [Test worker] DEBUG org.springframework.context.annotation.ClassPathScanningCandidateComponentProvider -- Identified candidate component class: file [C:\SpringWorkspace\CREWPASS-BACKEND\Crewpass\build\classes\java\main\Capstone\Crewpass\CrewpassApplication.class]
23:10:36.998 [Test worker] INFO org.springframework.boot.test.context.SpringBootTestContextBootstrapper -- Found @SpringBootConfiguration Capstone.Crewpass.CrewpassApplication for test class Capstone.Crewpass.CrewpassApplicationTests
23:10:37.124 [Test worker] DEBUG org.springframework.boot.test.context.SpringBootTestContextBootstrapper -- Using TestExecutionListeners for test class [CrewpassApplicationTests]: [ServletTestExecutionListener, DirtiesContextBeforeModesTestExecutionListener, ApplicationEventsTestExecutionListener, MockitoTestExecutionListener, DependencyInjectionTestExecutionListener, DirtiesContextTestExecutionListener, TransactionalTestExecutionListener, SqlScriptsTestExecutionListener, EventPublishingTestExecutionListener, RestDocsTestExecutionListener, MockRestServiceServerResetTestExecutionListener, MockMvcPrintOnlyOnFailureTestExecutionListener, WebDriverTestExecutionListener, MockWebServiceServerTestExecutionListener, ResetMocksTestExecutionListener]
23:10:37.124 [Test worker] DEBUG org.springframework.test.context.support.AbstractDirtiesContextTestExecutionListener -- Before test class: class [CrewpassApplicationTests], class annotated with @DirtiesContext [false] with mode [null]

  .   ____          _            __ _ _
 /\\ / ___'_ __ _ _(_)_ __  __ _ \ \ \ \
( ( )\___ | '_ | '_| | '_ \/ _` | \ \ \ \
 \\/  ___)| |_)| | | | | || (_| |  ) ) ) )
  '  |____| .__|_| |_|_| |_\__, | / / / /
 =========|_|==============|___/=/_/_/_/
 :: Spring Boot ::                (v3.0.6)

2023-05-03T23:10:37.432+09:00  INFO 2868 --- [    Test worker] C.Crewpass.CrewpassApplicationTests      : Starting CrewpassApplicationTests using Java 17.0.4.1 with PID 2868 (started by kgw in C:\SpringWorkspace\CREWPASS-BACKEND\Crewpass)
2023-05-03T23:10:37.432+09:00  INFO 2868 --- [    Test worker] C.Crewpass.CrewpassApplicationTests      : No active profile set, falling back to 1 default profile: "default"
2023-05-03T23:10:38.075+09:00  INFO 2868 --- [    Test worker] .s.d.r.c.RepositoryConfigurationDelegate : Bootstrapping Spring Data JPA repositories in DEFAULT mode.
2023-05-03T23:10:38.146+09:00  INFO 2868 --- [    Test worker] .s.d.r.c.RepositoryConfigurationDelegate : Finished Spring Data repository scanning in 71 ms. Found 4 JPA repository interfaces.
2023-05-03T23:10:38.800+09:00  INFO 2868 --- [    Test worker] o.hibernate.jpa.internal.util.LogHelper  : HHH000204: Processing PersistenceUnitInfo [name: default]
2023-05-03T23:10:38.844+09:00  INFO 2868 --- [    Test worker] org.hibernate.Version                    : HHH000412: Hibernate ORM core version 6.1.7.Final
2023-05-03T23:10:39.117+09:00  INFO 2868 --- [    Test worker] com.zaxxer.hikari.HikariDataSource       : HikariPool-1 - Starting...
2023-05-03T23:10:39.416+09:00  INFO 2868 --- [    Test worker] com.zaxxer.hikari.pool.HikariPool        : HikariPool-1 - Added connection com.mysql.cj.jdbc.ConnectionImpl@628962e5
2023-05-03T23:10:39.416+09:00  INFO 2868 --- [    Test worker] com.zaxxer.hikari.HikariDataSource       : HikariPool-1 - Start completed.
2023-05-03T23:10:39.482+09:00  INFO 2868 --- [    Test worker] SQL dialect                              : HHH000400: Using dialect: org.hibernate.dialect.MySQLDialect
2023-05-03T23:10:40.291+09:00  INFO 2868 --- [    Test worker] o.h.e.t.j.p.i.JtaPlatformInitiator       : HHH000490: Using JtaPlatform implementation: [org.hibernate.engine.transaction.jta.platform.internal.NoJtaPlatform]
2023-05-03T23:10:40.308+09:00  INFO 2868 --- [    Test worker] j.LocalContainerEntityManagerFactoryBean : Initialized JPA EntityManagerFactory for persistence unit 'default'
2023-05-03T23:10:40.812+09:00  WARN 2868 --- [    Test worker] JpaBaseConfiguration$JpaWebConfiguration : spring.jpa.open-in-view is enabled by default. Therefore, database queries may be performed during view rendering. Explicitly configure spring.jpa.open-in-view to disable this warning
2023-05-03T23:10:40.843+09:00  WARN 2868 --- [    Test worker] .s.s.UserDetailsServiceAutoConfiguration : 

Using generated security password: 32cc51bc-53d0-4cdf-abb9-97ce26721d9b

This generated password is for development use only. Your security configuration must be updated before running your application in production.

2023-05-03T23:10:40.962+09:00  INFO 2868 --- [    Test worker] o.s.s.web.DefaultSecurityFilterChain     : Will secure any request with [org.springframework.security.web.session.DisableEncodeUrlFilter@139b3a29, org.springframework.security.web.context.request.async.WebAsyncManagerIntegrationFilter@62c1259f, org.springframework.security.web.context.SecurityContextHolderFilter@5e085259, org.springframework.security.web.header.HeaderWriterFilter@7dc963be, org.springframework.security.web.authentication.logout.LogoutFilter@19d3f4fb, org.springframework.security.web.savedrequest.RequestCacheAwareFilter@2e096ac0, org.springframework.security.web.servletapi.SecurityContextHolderAwareRequestFilter@4c678a1f, org.springframework.security.web.authentication.AnonymousAuthenticationFilter@31daf094, org.springframework.security.web.access.ExceptionTranslationFilter@49482761, org.springframework.security.web.access.intercept.AuthorizationFilter@3458be63]
2023-05-03T23:10:41.505+09:00  INFO 2868 --- [    Test worker] C.Crewpass.CrewpassApplicationTests      : Started CrewpassApplicationTests in 4.328 seconds (process running for 5.504)
]]></system-out>
  <system-err><![CDATA[]]></system-err>
</testsuite>
